mode: set
github.com/client-support/backend/internal/handlers/http/middleware/jwt_middleware.go:13.18,14.34 1 1
github.com/client-support/backend/internal/handlers/http/middleware/jwt_middleware.go:14.34,16.68 2 1
github.com/client-support/backend/internal/handlers/http/middleware/jwt_middleware.go:16.68,18.4 1 1
github.com/client-support/backend/internal/handlers/http/middleware/jwt_middleware.go:20.3,24.34 3 1
github.com/client-support/backend/internal/handlers/http/middleware/jwt_middleware.go:24.34,26.4 1 1
github.com/client-support/backend/internal/handlers/http/middleware/jwt_middleware.go:28.3,29.49 2 1
github.com/client-support/backend/internal/handlers/http/middleware/jwt_middleware.go:29.49,31.4 1 1
github.com/client-support/backend/internal/handlers/http/middleware/jwt_middleware.go:33.3,36.18 3 1
github.com/client-support/backend/pkg/utils/jwt.go:25.94,37.16 4 1
github.com/client-support/backend/pkg/utils/jwt.go:37.16,39.3 1 0
github.com/client-support/backend/pkg/utils/jwt.go:41.2,42.20 2 1
github.com/client-support/backend/pkg/utils/jwt.go:42.20,44.3 1 1
github.com/client-support/backend/pkg/utils/jwt.go:46.2,57.16 4 1
github.com/client-support/backend/pkg/utils/jwt.go:57.16,59.3 1 0
github.com/client-support/backend/pkg/utils/jwt.go:61.2,64.8 1 1
github.com/client-support/backend/pkg/utils/jwt.go:67.57,68.104 1 1
github.com/client-support/backend/pkg/utils/jwt.go:68.104,70.3 1 1
github.com/client-support/backend/pkg/utils/jwt.go:71.2,71.16 1 1
github.com/client-support/backend/pkg/utils/jwt.go:71.16,73.3 1 1
github.com/client-support/backend/pkg/utils/jwt.go:74.2,74.61 1 1
github.com/client-support/backend/pkg/utils/jwt.go:74.61,76.3 1 1
github.com/client-support/backend/pkg/utils/jwt.go:77.2,77.41 1 0
github.com/client-support/backend/pkg/utils/password.go:5.52,8.2 2 1
github.com/client-support/backend/pkg/utils/password.go:10.52,13.2 2 1
github.com/client-support/backend/pkg/utils/password_validator.go:10.70,11.23 1 1
github.com/client-support/backend/pkg/utils/password_validator.go:11.23,13.3 1 1
github.com/client-support/backend/pkg/utils/password_validator.go:15.2,20.32 5 1
github.com/client-support/backend/pkg/utils/password_validator.go:20.32,21.10 1 1
github.com/client-support/backend/pkg/utils/password_validator.go:22.31,23.20 1 1
github.com/client-support/backend/pkg/utils/password_validator.go:24.56,25.21 1 1
github.com/client-support/backend/pkg/utils/password_validator.go:26.30,27.19 1 1
github.com/client-support/backend/pkg/utils/password_validator.go:28.30,29.19 1 1
github.com/client-support/backend/pkg/utils/password_validator.go:33.2,33.16 1 1
github.com/client-support/backend/pkg/utils/password_validator.go:33.16,35.3 1 1
github.com/client-support/backend/pkg/utils/password_validator.go:36.2,36.17 1 1
github.com/client-support/backend/pkg/utils/password_validator.go:36.17,38.3 1 1
github.com/client-support/backend/pkg/utils/password_validator.go:39.2,39.15 1 1
github.com/client-support/backend/pkg/utils/password_validator.go:39.15,41.3 1 1
github.com/client-support/backend/pkg/utils/password_validator.go:42.2,42.15 1 1
github.com/client-support/backend/pkg/utils/password_validator.go:42.15,44.3 1 1
github.com/client-support/backend/pkg/utils/password_validator.go:46.2,46.34 1 1
github.com/client-support/backend/pkg/utils/password_validator.go:46.34,48.3 1 1
github.com/client-support/backend/pkg/utils/password_validator.go:50.2,50.35 1 1
github.com/client-support/backend/pkg/utils/password_validator.go:50.35,52.3 1 1
github.com/client-support/backend/pkg/utils/password_validator.go:54.2,55.64 2 1
github.com/client-support/backend/pkg/utils/password_validator.go:55.64,57.3 1 1
github.com/client-support/backend/pkg/utils/password_validator.go:58.2,58.61 1 1
github.com/client-support/backend/pkg/utils/password_validator.go:58.61,60.3 1 1
github.com/client-support/backend/pkg/utils/password_validator.go:61.2,61.17 1 1
github.com/client-support/backend/pkg/utils/password_validator.go:61.17,63.65 2 1
github.com/client-support/backend/pkg/utils/password_validator.go:63.65,65.4 1 1
github.com/client-support/backend/pkg/utils/password_validator.go:68.2,68.12 1 1
github.com/client-support/backend/pkg/utils/password_validator.go:71.48,73.38 2 1
github.com/client-support/backend/pkg/utils/password_validator.go:73.38,77.14 3 1
github.com/client-support/backend/pkg/utils/password_validator.go:77.14,79.4 1 1
github.com/client-support/backend/pkg/utils/password_validator.go:79.9,81.4 1 1
github.com/client-support/backend/pkg/utils/password_validator.go:83.3,83.21 1 1
github.com/client-support/backend/pkg/utils/password_validator.go:83.21,84.12 1 1
github.com/client-support/backend/pkg/utils/password_validator.go:88.3,88.31 1 1
github.com/client-support/backend/pkg/utils/password_validator.go:88.31,90.4 1 1
github.com/client-support/backend/pkg/utils/password_validator.go:92.3,92.31 1 1
github.com/client-support/backend/pkg/utils/password_validator.go:92.31,94.4 1 1
github.com/client-support/backend/pkg/utils/password_validator.go:96.2,96.14 1 1
github.com/client-support/backend/internal/repository/redis/token_blacklist.go:14.62,16.2 1 1
github.com/client-support/backend/internal/repository/redis/token_blacklist.go:19.97,21.2 1 1
github.com/client-support/backend/internal/repository/redis/token_blacklist.go:24.89,26.22 2 1
github.com/client-support/backend/internal/repository/redis/token_blacklist.go:26.22,28.3 1 1
github.com/client-support/backend/internal/repository/redis/token_blacklist.go:29.2,29.16 1 1
github.com/client-support/backend/internal/repository/redis/token_blacklist.go:29.16,31.3 1 0
github.com/client-support/backend/internal/repository/redis/token_blacklist.go:32.2,32.34 1 1
github.com/client-support/backend/internal/handlers/http/auth_handler.go:15.68,17.2 1 1
github.com/client-support/backend/internal/handlers/http/auth_handler.go:19.52,21.43 2 1
github.com/client-support/backend/internal/handlers/http/auth_handler.go:21.43,23.3 1 1
github.com/client-support/backend/internal/handlers/http/auth_handler.go:25.2,26.24 2 1
github.com/client-support/backend/internal/handlers/http/auth_handler.go:26.24,28.17 2 1
github.com/client-support/backend/internal/handlers/http/auth_handler.go:28.17,30.4 1 1
github.com/client-support/backend/internal/handlers/http/auth_handler.go:33.2,33.52 1 1
github.com/client-support/backend/internal/handlers/http/auth_handler.go:33.52,35.3 1 1
github.com/client-support/backend/internal/handlers/http/auth_handler.go:37.2,37.100 1 1
github.com/client-support/backend/internal/handlers/http/auth_handler.go:40.49,47.43 2 1
github.com/client-support/backend/internal/handlers/http/auth_handler.go:47.43,49.3 1 1
github.com/client-support/backend/internal/handlers/http/auth_handler.go:51.2,52.16 2 1
github.com/client-support/backend/internal/handlers/http/auth_handler.go:52.16,54.3 1 1
github.com/client-support/backend/internal/handlers/http/auth_handler.go:56.2,57.16 2 1
github.com/client-support/backend/internal/handlers/http/auth_handler.go:57.16,59.3 1 1
github.com/client-support/backend/internal/handlers/http/auth_handler.go:61.2,61.23 1 1
github.com/client-support/backend/internal/handlers/http/auth_handler.go:64.59,69.43 2 1
github.com/client-support/backend/internal/handlers/http/auth_handler.go:69.43,71.3 1 1
github.com/client-support/backend/internal/handlers/http/auth_handler.go:73.2,74.16 2 1
github.com/client-support/backend/internal/handlers/http/auth_handler.go:74.16,76.3 1 1
github.com/client-support/backend/internal/handlers/http/auth_handler.go:78.2,80.122 2 1
github.com/client-support/backend/internal/handlers/http/auth_handler.go:83.57,89.43 2 1
github.com/client-support/backend/internal/handlers/http/auth_handler.go:89.43,91.3 1 1
github.com/client-support/backend/internal/handlers/http/auth_handler.go:93.2,93.98 1 1
github.com/client-support/backend/internal/handlers/http/auth_handler.go:93.98,95.3 1 1
github.com/client-support/backend/internal/handlers/http/auth_handler.go:97.2,97.69 1 1
github.com/client-support/backend/internal/handlers/http/auth_handler.go:100.50,102.22 2 1
github.com/client-support/backend/internal/handlers/http/auth_handler.go:102.22,104.3 1 1
github.com/client-support/backend/internal/handlers/http/auth_handler.go:106.2,107.65 2 1
github.com/client-support/backend/internal/handlers/http/auth_handler.go:107.65,109.3 1 1
github.com/client-support/backend/internal/handlers/http/auth_handler.go:111.2,111.69 1 1
github.com/client-support/backend/internal/repository/postgres/company_repository.go:13.59,15.2 1 1
github.com/client-support/backend/internal/repository/postgres/company_repository.go:17.77,20.16 3 1
github.com/client-support/backend/internal/repository/postgres/company_repository.go:20.16,22.3 1 1
github.com/client-support/backend/internal/repository/postgres/company_repository.go:23.2,23.22 1 1
github.com/client-support/backend/internal/repository/postgres/user_repository.go:13.53,15.2 1 1
github.com/client-support/backend/internal/repository/postgres/user_repository.go:17.58,19.2 1 1
github.com/client-support/backend/internal/repository/postgres/user_repository.go:21.105,24.16 3 1
github.com/client-support/backend/internal/repository/postgres/user_repository.go:24.16,26.3 1 1
github.com/client-support/backend/internal/repository/postgres/user_repository.go:27.2,27.19 1 1
github.com/client-support/backend/internal/repository/postgres/user_repository.go:30.71,33.16 3 1
github.com/client-support/backend/internal/repository/postgres/user_repository.go:33.16,35.3 1 1
github.com/client-support/backend/internal/repository/postgres/user_repository.go:36.2,36.19 1 1
github.com/client-support/backend/internal/repository/postgres/user_repository.go:39.58,41.2 1 1
github.com/client-support/backend/internal/repository/postgres/user_repository.go:43.87,45.2 1 1
github.com/client-support/backend/internal/repository/postgres/user_repository.go:47.97,50.16 3 1
github.com/client-support/backend/internal/repository/postgres/user_repository.go:50.16,52.3 1 1
github.com/client-support/backend/internal/repository/postgres/user_repository.go:53.2,53.28 1 1
github.com/client-support/backend/internal/repository/postgres/user_repository.go:56.68,58.2 1 1
github.com/client-support/backend/cmd/api/main.go:21.13,24.55 2 0
github.com/client-support/backend/cmd/api/main.go:24.55,26.3 1 0
github.com/client-support/backend/cmd/api/main.go:27.2,28.16 2 0
github.com/client-support/backend/cmd/api/main.go:28.16,30.3 1 0
github.com/client-support/backend/cmd/api/main.go:33.2,36.56 2 0
github.com/client-support/backend/cmd/api/main.go:36.56,38.3 1 0
github.com/client-support/backend/cmd/api/main.go:41.2,54.53 7 0
github.com/client-support/backend/cmd/api/main.go:54.53,56.39 2 0
github.com/client-support/backend/cmd/api/main.go:56.39,58.5 1 0
github.com/client-support/backend/cmd/api/main.go:59.4,59.63 1 0
github.com/client-support/backend/cmd/api/main.go:63.2,82.48 10 0
github.com/client-support/backend/cmd/api/main.go:82.48,85.23 2 0
github.com/client-support/backend/cmd/api/main.go:85.23,87.4 1 0
github.com/client-support/backend/cmd/api/main.go:89.3,89.31 1 0
github.com/client-support/backend/cmd/api/main.go:92.2,93.32 2 0
github.com/client-support/backend/internal/service/auth_service.go:32.16,39.2 1 1
github.com/client-support/backend/internal/service/auth_service.go:53.59,54.24 1 1
github.com/client-support/backend/internal/service/auth_service.go:54.24,56.3 1 1
github.com/client-support/backend/internal/service/auth_service.go:57.2,57.41 1 1
github.com/client-support/backend/internal/service/auth_service.go:57.41,59.3 1 1
github.com/client-support/backend/internal/service/auth_service.go:61.2,62.16 2 1
github.com/client-support/backend/internal/service/auth_service.go:62.16,64.3 1 0
github.com/client-support/backend/internal/service/auth_service.go:65.2,65.50 1 1
github.com/client-support/backend/internal/service/auth_service.go:65.50,67.3 1 1
github.com/client-support/backend/internal/service/auth_service.go:69.2,70.25 2 1
github.com/client-support/backend/internal/service/auth_service.go:70.25,72.3 1 1
github.com/client-support/backend/internal/service/auth_service.go:74.2,76.16 3 1
github.com/client-support/backend/internal/service/auth_service.go:76.16,78.3 1 0
github.com/client-support/backend/internal/service/auth_service.go:80.2,81.16 2 1
github.com/client-support/backend/internal/service/auth_service.go:81.16,83.3 1 0
github.com/client-support/backend/internal/service/auth_service.go:85.2,86.21 2 1
github.com/client-support/backend/internal/service/auth_service.go:86.21,88.3 1 1
github.com/client-support/backend/internal/service/auth_service.go:90.2,100.32 2 1
github.com/client-support/backend/internal/service/auth_service.go:103.121,105.16 2 1
github.com/client-support/backend/internal/service/auth_service.go:105.16,107.3 1 0
github.com/client-support/backend/internal/service/auth_service.go:109.2,109.67 1 1
github.com/client-support/backend/internal/service/auth_service.go:109.67,111.3 1 1
github.com/client-support/backend/internal/service/auth_service.go:113.2,113.55 1 1
github.com/client-support/backend/internal/service/auth_service.go:113.55,115.36 2 1
github.com/client-support/backend/internal/service/auth_service.go:115.36,118.4 2 1
github.com/client-support/backend/internal/service/auth_service.go:119.3,120.51 2 1
github.com/client-support/backend/internal/service/auth_service.go:124.2,124.61 1 1
github.com/client-support/backend/internal/service/auth_service.go:124.61,128.3 3 0
github.com/client-support/backend/internal/service/auth_service.go:130.2,131.16 2 1
github.com/client-support/backend/internal/service/auth_service.go:131.16,133.3 1 0
github.com/client-support/backend/internal/service/auth_service.go:135.2,135.20 1 1
github.com/client-support/backend/internal/service/auth_service.go:138.80,140.58 2 1
github.com/client-support/backend/internal/service/auth_service.go:140.58,143.3 1 1
github.com/client-support/backend/internal/service/auth_service.go:145.2,146.16 2 1
github.com/client-support/backend/internal/service/auth_service.go:146.16,148.3 1 0
github.com/client-support/backend/internal/service/auth_service.go:150.2,158.16 4 1
github.com/client-support/backend/internal/service/auth_service.go:158.16,160.3 1 0
github.com/client-support/backend/internal/service/auth_service.go:162.2,165.12 3 1
github.com/client-support/backend/internal/service/auth_service.go:168.93,169.39 1 1
github.com/client-support/backend/internal/service/auth_service.go:169.39,171.3 1 1
github.com/client-support/backend/internal/service/auth_service.go:173.2,174.84 2 1
github.com/client-support/backend/internal/service/auth_service.go:174.84,176.3 1 1
github.com/client-support/backend/internal/service/auth_service.go:178.2,179.16 2 1
github.com/client-support/backend/internal/service/auth_service.go:179.16,181.3 1 1
github.com/client-support/backend/internal/service/auth_service.go:183.2,185.23 3 1
github.com/client-support/backend/internal/service/auth_service.go:185.23,187.3 1 0
github.com/client-support/backend/internal/service/auth_service.go:188.2,189.16 2 1
github.com/client-support/backend/internal/service/auth_service.go:189.16,191.3 1 0
github.com/client-support/backend/internal/service/auth_service.go:193.2,194.16 2 1
github.com/client-support/backend/internal/service/auth_service.go:194.16,196.3 1 0
github.com/client-support/backend/internal/service/auth_service.go:198.2,200.16 3 1
github.com/client-support/backend/internal/service/auth_service.go:200.16,202.3 1 0
github.com/client-support/backend/internal/service/auth_service.go:204.2,204.59 1 1
github.com/client-support/backend/internal/service/auth_service.go:207.71,210.2 1 1
github.com/client-support/backend/internal/service/email_service.go:16.46,18.2 1 1
github.com/client-support/backend/internal/service/email_service.go:20.112,28.2 4 1
